<?xml version="1.0" encoding="UTF-8" ?>
<testsuite errors="3" failures="0" hostname="DESKTOP-K459FBH" name="ppe2022_pharmacie.pkgDAO.ServiceDAOTest" skipped="0" tests="6" time="0.525" timestamp="2022-10-12T15:47:56">
  <properties>
    <property name="" value="======" />
    <property name="libs.spring-framework300.classpath" value="C:\Users\julie\Downloads\netbeans-12.4-bin\netbeans\platform\modules\org-apache-commons-logging.jar;C:\Users\julie\Downloads\netbeans-12.4-bin\netbeans\java\modules\ext\cglib-2.2.jar;C:\Users\julie\Downloads\netbeans-12.4-bin\netbeans\java\modules\ext\spring-3.0\spring-aop-3.2.18.RELEASE.jar;C:\Users\julie\Downloads\netbeans-12.4-bin\netbeans\java\modules\ext\spring-3.0\spring-aspects-3.2.18.RELEASE.jar;C:\Users\julie\Downloads\netbeans-12.4-bin\netbeans\java\modules\ext\spring-3.0\spring-beans-3.2.18.RELEASE.jar;C:\Users\julie\Downloads\netbeans-12.4-bin\netbeans\java\modules\ext\spring-3.0\spring-context-3.2.18.RELEASE.jar;C:\Users\julie\Downloads\netbeans-12.4-bin\netbeans\java\modules\ext\spring-3.0\spring-context-support-3.2.18.RELEASE.jar;C:\Users\julie\Downloads\netbeans-12.4-bin\netbeans\java\modules\ext\spring-3.0\spring-core-3.2.18.RELEASE.jar;C:\Users\julie\Downloads\netbeans-12.4-bin\netbeans\java\modules\ext\spring-3.0\spring-expression-3.2.18.RELEASE.jar;C:\Users\julie\Downloads\netbeans-12.4-bin\netbeans\java\modules\ext\spring-3.0\spring-instrument-3.2.18.RELEASE.jar;C:\Users\julie\Downloads\netbeans-12.4-bin\netbeans\java\modules\ext\spring-3.0\spring-instrument-tomcat-3.2.18.RELEASE.jar;C:\Users\julie\Downloads\netbeans-12.4-bin\netbeans\java\modules\ext\spring-3.0\spring-jdbc-3.2.18.RELEASE.jar;C:\Users\julie\Downloads\netbeans-12.4-bin\netbeans\java\modules\ext\spring-3.0\spring-jms-3.2.18.RELEASE.jar;C:\Users\julie\Downloads\netbeans-12.4-bin\netbeans\java\modules\ext\spring-3.0\spring-orm-3.2.18.RELEASE.jar;C:\Users\julie\Downloads\netbeans-12.4-bin\netbeans\java\modules\ext\spring-3.0\spring-oxm-3.2.18.RELEASE.jar;C:\Users\julie\Downloads\netbeans-12.4-bin\netbeans\java\modules\ext\spring-3.0\spring-struts-3.2.18.RELEASE.jar;C:\Users\julie\Downloads\netbeans-12.4-bin\netbeans\java\modules\ext\spring-3.0\spring-test-3.2.18.RELEASE.jar;C:\Users\julie\Downloads\netbeans-12.4-bin\netbeans\java\modules\ext\spring-3.0\spring-tx-3.2.18.RELEASE.jar;C:\Users\julie\Downloads\netbeans-12.4-bin\netbeans\java\modules\ext\spring-3.0\spring-web-3.2.18.RELEASE.jar;C:\Users\julie\Downloads\netbeans-12.4-bin\netbeans\java\modules\ext\spring-3.0\spring-webmvc-3.2.18.RELEASE.jar;C:\Users\julie\Downloads\netbeans-12.4-bin\netbeans\java\modules\ext\spring-3.0\spring-webmvc-portlet-3.2.18.RELEASE.jar" />
    <property name="javac.test.classpath" value="C:\Users\sio2021\Downloads\postgresql-42.2.18.jar:d:\Users\Admin\Downloads\postgresql-42.2.18.jar:postgresql-42.2.18.jar:C:\Users\julie\Downloads\netbeans-12.4-bin\netbeans\enterprise\modules\ext\jakarta.jakartaee-api-9.0.0.jar:C:\Users\julie\Downloads\netbeans-12.4-bin\netbeans\platform\modules\ext\junit-4.13.1.jar:C:\Users\julie\Downloads\netbeans-12.4-bin\netbeans\platform\modules\ext\hamcrest-core-1.3.jar:build/classes" />
    <property name="java.specification.version" value="16" />
    <property name="libs.spring-framework500.classpath" value="C:\Users\julie\Downloads\netbeans-12.4-bin\netbeans\platform\modules\org-apache-commons-logging.jar;C:\Users\julie\Downloads\netbeans-12.4-bin\netbeans\java\modules\ext\cglib-2.2.jar;C:\Users\julie\Downloads\netbeans-12.4-bin\netbeans\java\modules\ext\spring-5\spring-aop-5.2.9.RELEASE.jar;C:\Users\julie\Downloads\netbeans-12.4-bin\netbeans\java\modules\ext\spring-5\spring-aspects-5.2.9.RELEASE.jar;C:\Users\julie\Downloads\netbeans-12.4-bin\netbeans\java\modules\ext\spring-5\spring-beans-5.2.9.RELEASE.jar;C:\Users\julie\Downloads\netbeans-12.4-bin\netbeans\java\modules\ext\spring-5\spring-context-5.2.9.RELEASE.jar;C:\Users\julie\Downloads\netbeans-12.4-bin\netbeans\java\modules\ext\spring-5\spring-context-indexer-5.2.9.RELEASE.jar;C:\Users\julie\Downloads\netbeans-12.4-bin\netbeans\java\modules\ext\spring-5\spring-context-support-5.2.9.RELEASE.jar;C:\Users\julie\Downloads\netbeans-12.4-bin\netbeans\java\modules\ext\spring-5\spring-core-5.2.9.RELEASE.jar;C:\Users\julie\Downloads\netbeans-12.4-bin\netbeans\java\modules\ext\spring-5\spring-expression-5.2.9.RELEASE.jar;C:\Users\julie\Downloads\netbeans-12.4-bin\netbeans\java\modules\ext\spring-5\spring-instrument-5.2.9.RELEASE.jar;C:\Users\julie\Downloads\netbeans-12.4-bin\netbeans\java\modules\ext\spring-5\spring-jcl-5.2.9.RELEASE.jar;C:\Users\julie\Downloads\netbeans-12.4-bin\netbeans\java\modules\ext\spring-5\spring-jdbc-5.2.9.RELEASE.jar;C:\Users\julie\Downloads\netbeans-12.4-bin\netbeans\java\modules\ext\spring-5\spring-jms-5.2.9.RELEASE.jar;C:\Users\julie\Downloads\netbeans-12.4-bin\netbeans\java\modules\ext\spring-5\spring-messaging-5.2.9.RELEASE.jar;C:\Users\julie\Downloads\netbeans-12.4-bin\netbeans\java\modules\ext\spring-5\spring-orm-5.2.9.RELEASE.jar;C:\Users\julie\Downloads\netbeans-12.4-bin\netbeans\java\modules\ext\spring-5\spring-oxm-5.2.9.RELEASE.jar;C:\Users\julie\Downloads\netbeans-12.4-bin\netbeans\java\modules\ext\spring-5\spring-test-5.2.9.RELEASE.jar;C:\Users\julie\Downloads\netbeans-12.4-bin\netbeans\java\modules\ext\spring-5\spring-tx-5.2.9.RELEASE.jar;C:\Users\julie\Downloads\netbeans-12.4-bin\netbeans\java\modules\ext\spring-5\spring-web-5.2.9.RELEASE.jar;C:\Users\julie\Downloads\netbeans-12.4-bin\netbeans\java\modules\ext\spring-5\spring-webflux-5.2.9.RELEASE.jar;C:\Users\julie\Downloads\netbeans-12.4-bin\netbeans\java\modules\ext\spring-5\spring-webmvc-5.2.9.RELEASE.jar;C:\Users\julie\Downloads\netbeans-12.4-bin\netbeans\java\modules\ext\spring-5\spring-websocket-5.2.9.RELEASE.jar" />
    <property name="jar.index.metainf" value="false" />
    <property name="libs.spring-framework400.classpath" value="C:\Users\julie\Downloads\netbeans-12.4-bin\netbeans\platform\modules\org-apache-commons-logging.jar;C:\Users\julie\Downloads\netbeans-12.4-bin\netbeans\java\modules\ext\cglib-2.2.jar;C:\Users\julie\Downloads\netbeans-12.4-bin\netbeans\java\modules\ext\spring-4\spring-aop-4.3.29.RELEASE.jar;C:\Users\julie\Downloads\netbeans-12.4-bin\netbeans\java\modules\ext\spring-4\spring-aspects-4.3.29.RELEASE.jar;C:\Users\julie\Downloads\netbeans-12.4-bin\netbeans\java\modules\ext\spring-4\spring-beans-4.3.29.RELEASE.jar;C:\Users\julie\Downloads\netbeans-12.4-bin\netbeans\java\modules\ext\spring-4\spring-context-4.3.29.RELEASE.jar;C:\Users\julie\Downloads\netbeans-12.4-bin\netbeans\java\modules\ext\spring-4\spring-context-support-4.3.29.RELEASE.jar;C:\Users\julie\Downloads\netbeans-12.4-bin\netbeans\java\modules\ext\spring-4\spring-core-4.3.29.RELEASE.jar;C:\Users\julie\Downloads\netbeans-12.4-bin\netbeans\java\modules\ext\spring-4\spring-expression-4.3.29.RELEASE.jar;C:\Users\julie\Downloads\netbeans-12.4-bin\netbeans\java\modules\ext\spring-4\spring-instrument-4.3.29.RELEASE.jar;C:\Users\julie\Downloads\netbeans-12.4-bin\netbeans\java\modules\ext\spring-4\spring-instrument-tomcat-4.3.29.RELEASE.jar;C:\Users\julie\Downloads\netbeans-12.4-bin\netbeans\java\modules\ext\spring-4\spring-jdbc-4.3.29.RELEASE.jar;C:\Users\julie\Downloads\netbeans-12.4-bin\netbeans\java\modules\ext\spring-4\spring-jms-4.3.29.RELEASE.jar;C:\Users\julie\Downloads\netbeans-12.4-bin\netbeans\java\modules\ext\spring-4\spring-messaging-4.3.29.RELEASE.jar;C:\Users\julie\Downloads\netbeans-12.4-bin\netbeans\java\modules\ext\spring-4\spring-orm-4.3.29.RELEASE.jar;C:\Users\julie\Downloads\netbeans-12.4-bin\netbeans\java\modules\ext\spring-4\spring-oxm-4.3.29.RELEASE.jar;C:\Users\julie\Downloads\netbeans-12.4-bin\netbeans\java\modules\ext\spring-4\spring-test-4.3.29.RELEASE.jar;C:\Users\julie\Downloads\netbeans-12.4-bin\netbeans\java\modules\ext\spring-4\spring-tx-4.3.29.RELEASE.jar;C:\Users\julie\Downloads\netbeans-12.4-bin\netbeans\java\modules\ext\spring-4\spring-web-4.3.29.RELEASE.jar;C:\Users\julie\Downloads\netbeans-12.4-bin\netbeans\java\modules\ext\spring-4\spring-webmvc-4.3.29.RELEASE.jar;C:\Users\julie\Downloads\netbeans-12.4-bin\netbeans\java\modules\ext\spring-4\spring-webmvc-portlet-4.3.29.RELEASE.jar;C:\Users\julie\Downloads\netbeans-12.4-bin\netbeans\java\modules\ext\spring-4\spring-websocket-4.3.29.RELEASE.jar" />
    <property name="libs.spring-webmvc4.0.javadoc" value="" />
    <property name="test.binaryincludes" value="&lt;nothing&gt;" />
    <property name="debug-transport" value="dt_shmem" />
    <property name="do.jlink" value="false" />
    <property name="libs.javaee-web-api-8.0.src" value="" />
    <property name="java.vendor.url" value="https://java.oracle.com/" />
    <property name="debug.modulepath" value="" />
    <property name="libs.eclipselink.javadoc" value="C:\Users\julie\Downloads\netbeans-12.4-bin\netbeans\java\modules\ext\docs\javax.persistence-2.2.1-doc.zip" />
    <property name="libs.jsp-compilation.src" value="" />
    <property name="libs.JWSAntTasks.javadoc" value="" />
    <property name="sun.boot.library.path" value="C:\Program Files\Java\jdk-16.0.2\bin" />
    <property name="sun.java.command" value="org.apache.tools.ant.taskdefs.optional.junit.JUnitTestRunner ppe2022_pharmacie.pkgDAO.ServiceDAOTest skipNonTests=false filtertrace=true haltOnError=false haltOnFailure=false showoutput=true outputtoformatters=true logfailedtests=true threadid=0 logtestlistenerevents=true formatter=org.apache.tools.ant.taskdefs.optional.junit.BriefJUnitResultFormatter formatter=org.apache.tools.ant.taskdefs.optional.junit.XMLJUnitResultFormatter,C:\Users\julie\Desktop\AP_hopital\AP_Hopital\mission-java\stock-pharmacie\PPE2022_Pharmacie\build\test\results\TEST-ppe2022_pharmacie.pkgDAO.ServiceDAOTest.xml crashfile=C:\Users\julie\Desktop\AP_hopital\AP_Hopital\mission-java\stock-pharmacie\PPE2022_Pharmacie\build\junitvmwatcher5113018299386714473.properties propsfile=C:\Users\julie\Desktop\AP_hopital\AP_Hopital\mission-java\stock-pharmacie\PPE2022_Pharmacie\build\junit12627000292876532999.properties" />
    <property name="jdk.debug" value="release" />
    <property name="libs.spring-framework300.src" value="" />
    <property name="javadoc.use" value="true" />
    <property name="javadoc.notree" value="false" />
    <property name="basedir" value="C:\Users\julie\Desktop\AP_hopital\AP_Hopital\mission-java\stock-pharmacie\PPE2022_Pharmacie" />
    <property name="application.vendor" value="Admin" />
    <property name="java.vm.specification.vendor" value="Oracle Corporation" />
    <property name="java.specification.name" value="Java Platform API Specification" />
    <property name="libs.jsf20.classpath" value="C:\Users\julie\Downloads\netbeans-12.4-bin\netbeans\enterprise\modules\ext\jsf-2_2\javax.faces.jar" />
    <property name="ant.file.type.PPE2022_Pharmacie" value="file" />
    <property name="netbeans.extbrowser.manual_chrome_plugin_install" value="yes" />
    <property name="libs.spring-framework500.javadoc" value="" />
    <property name="netbeans.default_userdir_root" value="C:\Users\julie\AppData\Roaming\NetBeans" />
    <property name="libs.jsp-compilation-syscp.src" value="" />
    <property name="jdk.home" value="C:\Program Files\Java\jdk-16.0.2" />
    <property name="java.runtime.version" value="16.0.2+7-67" />
    <property name="libs.eclipselink.maven-pom" value="" />
    <property name="libs.metro.maven-pom" value="" />
    <property name="libs.JAXB-ENDORSED.javadoc" value="" />
    <property name="sun.java2d.noddraw" value="true" />
    <property name="sun.zip.disableMemoryMapping" value="true" />
    <property name="jnidispatch.path" value="C:\Users\julie\AppData\Local\Temp\jna-101485917\jna17025640226376874480.dll" />
    <property name="libs.primefaces.javadoc" value="" />
    <property name="libs.jsp-compilation.javadoc" value="" />
    <property name="libs.jsf12.src" value="" />
    <property name="libs.groovy-all.maven-pom" value="" />
    <property name="libs.restapi.src" value="" />
    <property name="libs.junit_5.javadoc" value="C:\Users\julie\Downloads\netbeans-12.4-bin\netbeans\platform\docs\junit-jupiter-api-5.6.0-javadoc.jar;C:\Users\julie\Downloads\netbeans-12.4-bin\netbeans\platform\docs\junit-jupiter-params-5.6.0-javadoc.jar;C:\Users\julie\Downloads\netbeans-12.4-bin\netbeans\platform\docs\junit-jupiter-engine-5.6.0-javadoc.jar" />
    <property name="dist.archive.excludes" value="" />
    <property name="java.io.tmpdir" value="C:\Users\julie\AppData\Local\Temp\" />
    <property name="java.version" value="16.0.2" />
    <property name="libs.jakartaee-api-8.0.javadoc" value="C:\Users\julie\Downloads\netbeans-12.4-bin\netbeans\enterprise\docs\jakartaee8-doc-api.jar" />
    <property name="java.vm.specification.name" value="Java Virtual Machine Specification" />
    <property name="libs.hamcrest.src" value="" />
    <property name="java.library.path" value="C:\Program Files\Java\jdk-16.0.2\bin;C:\WINDOWS\Sun\Java\bin;C:\WINDOWS\system32;C:\WINDOWS;C:\Program Files\Common Files\Oracle\Java\javapath;C:\Program Files (x86)\Razer Chroma SDK\bin;C:\Program Files\Razer Chroma SDK\bin;C:\Program Files (x86)\Razer\ChromaBroadcast\bin;C:\Program Files\Razer\ChromaBroadcast\bin;C:\Program Files (x86)\NVIDIA Corporation\PhysX\Common;C:\WINDOWS\system32;C:\WINDOWS;C:\WINDOWS\System32\Wbem;C:\WINDOWS\System32\WindowsPowerShell\v1.0\;C:\WINDOWS\System32\OpenSSH\;C:\Program Files\NVIDIA Corporation\NVIDIA NvDLISR;C:\WINDOWS\system32\config\systemprofile\AppData\Local\Microsoft\WindowsApps;C:\WINDOWS\system32;C:\WINDOWS;C:\WINDOWS\System32\Wbem;C:\WINDOWS\System32\WindowsPowerShell\v1.0\;C:\WINDOWS\System32\OpenSSH\;C:\Program Files\Git\cmd;C:\ProgramData\ComposerSetup\bin;C:\Users\julie\scoop\shims;C:\Users\julie\AppData\Local\Microsoft\WindowsApps;D:\Microsoft VS Code\bin;D:\Program Files\PHP;C:\Users\julie\AppData\Roaming\Composer\vendor\bin;;." />
    <property name="java.vendor" value="Oracle Corporation" />
    <property name="libs.testng.javadoc" value="C:\Users\julie\Downloads\netbeans-12.4-bin\netbeans\platform\docs\testng-6.13.1-javadoc.jar" />
    <property name="libs.groovy-all.src" value="" />
    <property name="meta.inf.dir" value="src/META-INF" />
    <property name="compile.on.save" value="false" />
    <property name="libs.testng.maven-pom" value="" />
    <property name="jlink.additionalparam" value="" />
    <property name="org.openide.version" value="deprecated" />
    <property name="test.includes" value="ppe2022_pharmacie/pkgDAO/ServiceDAOTest.java" />
    <property name="run.classpath" value="C:\Users\sio2021\Downloads\postgresql-42.2.18.jar:d:\Users\Admin\Downloads\postgresql-42.2.18.jar:postgresql-42.2.18.jar:C:\Users\julie\Downloads\netbeans-12.4-bin\netbeans\enterprise\modules\ext\jakarta.jakartaee-api-9.0.0.jar:C:\Users\julie\Downloads\netbeans-12.4-bin\netbeans\platform\modules\ext\junit-4.13.1.jar:C:\Users\julie\Downloads\netbeans-12.4-bin\netbeans\platform\modules\ext\hamcrest-core-1.3.jar:build/classes" />
    <property name="libs.jaxb.src" value="" />
    <property name="test.src.dir" value="test" />
    <property name="sun.awt.enableExtraMouseButtons" value="true" />
    <property name="org.openide.major.version" value="IDE/1" />
    <property name="libs.spring-framework300.javadoc" value="" />
    <property name="ap.proc.none.internal" value="" />
    <property name="org.openide.specification.version" value="6.2" />
    <property name="user.timezone" value="Europe/Paris" />
    <property name="jar.index" value="false" />
    <property name="libs.jpa20-persistence.classpath" value="C:\Users\julie\Downloads\netbeans-12.4-bin\netbeans\java\modules\ext\eclipselink\javax.persistence-2.2.1.jar" />
    <property name="java.vm.specification.version" value="16" />
    <property name="libs.eclipselinkmodelgen.javadoc" value="" />
    <property name="libs.junit_5.classpath" value="C:\Users\julie\Downloads\netbeans-12.4-bin\netbeans\platform\modules\ext\junit-jupiter-api-5.6.0.jar;C:\Users\julie\Downloads\netbeans-12.4-bin\netbeans\platform\modules\ext\junit-jupiter-params-5.6.0.jar;C:\Users\julie\Downloads\netbeans-12.4-bin\netbeans\platform\modules\ext\junit-jupiter-engine-5.6.0.jar" />
    <property name="javadoc.noindex" value="false" />
    <property name="javadoc.private" value="false" />
    <property name="libs.spring-webmvc4.0.maven-pom" value="" />
    <property name="libs.JAXB-ENDORSED.maven-pom" value="" />
    <property name="user.home" value="C:\Users\julie" />
    <property name="libs.eclipselinkmodelgen.maven-pom" value="" />
    <property name="have.sources" value="true" />
    <property name="annotation.processing.processors.list" value="" />
    <property name="javac.deprecation" value="false" />
    <property name="jlink.launcher" value="true" />
    <property name="build.generated.sources.dir" value="build/generated-sources" />
    <property name="plugin.manager.check.updates" value="false" />
    <property name="netbeans.autoupdate.language" value="fr" />
    <property name="libs.eclipselinkmodelgen.src" value="" />
    <property name="build.compiler.emacs" value="true" />
    <property name="build.classes.excludes" value="**/*.java,**/*.form" />
    <property name="dist.jar" value="dist/PPE2022_Pharmacie.jar" />
    <property name="libs.jakartaee-web-api-9.0.classpath" value="C:\Users\julie\Downloads\netbeans-12.4-bin\netbeans\enterprise\modules\ext\jakarta.jakartaee-web-api-9.0.0.jar" />
    <property name="libs.spring-webmvc4.0.classpath" value="C:\Users\julie\Downloads\netbeans-12.4-bin\netbeans\java\modules\ext\spring-4\spring-webmvc-4.3.29.RELEASE.jar" />
    <property name="libs.javaee-endorsed-api-7.0.javadoc" value="C:\Users\julie\Downloads\netbeans-12.4-bin\netbeans\enterprise\docs\javaee-doc-api.jar" />
    <property name="os.version" value="10.0" />
    <property name="netbeans.home" value="C:\Users\julie\Downloads\netbeans-12.4-bin\netbeans\platform" />
    <property name="libs.CopyLibs.javadoc" value="" />
    <property name="debug-transport-by-os" value="dt_shmem" />
    <property name="libs.jsf20.src" value="" />
    <property name="libs.javaee-api-8.0.javadoc" value="C:\Users\julie\Downloads\netbeans-12.4-bin\netbeans\enterprise\docs\javaee-doc-api.jar" />
    <property name="java.vm.name" value="Java HotSpot(TM) 64-Bit Server VM" />
    <property name="libs.jstl.javadoc" value="C:\Users\julie\Downloads\netbeans-12.4-bin\netbeans\enterprise\docs\javaee-doc-api.jar" />
    <property name="libs.javaee-endorsed-api-7.0.maven-pom" value="" />
    <property name="libs.jaxws21.classpath" value="C:\Users\julie\Downloads\netbeans-12.4-bin\netbeans\ide\modules\ext\jaxb\jaxb-impl.jar;C:\Users\julie\Downloads\netbeans-12.4-bin\netbeans\ide\modules\ext\jaxb\jaxb-xjc.jar;C:\Users\julie\Downloads\netbeans-12.4-bin\netbeans\java\modules\ext\jaxws22\FastInfoset.jar;C:\Users\julie\Downloads\netbeans-12.4-bin\netbeans\java\modules\ext\jaxws22\gmbal-api-only.jar;C:\Users\julie\Downloads\netbeans-12.4-bin\netbeans\java\modules\ext\jaxws22\ha-api.jar;C:\Users\julie\Downloads\netbeans-12.4-bin\netbeans\java\modules\ext\jaxws22\javax.mail_1.4.jar;C:\Users\julie\Downloads\netbeans-12.4-bin\netbeans\java\modules\ext\jaxws22\jaxws-rt.jar;C:\Users\julie\Downloads\netbeans-12.4-bin\netbeans\java\modules\ext\jaxws22\jaxws-tools.jar;C:\Users\julie\Downloads\netbeans-12.4-bin\netbeans\java\modules\ext\jaxws22\management-api.jar;C:\Users\julie\Downloads\netbeans-12.4-bin\netbeans\java\modules\ext\jaxws22\mimepull.jar;C:\Users\julie\Downloads\netbeans-12.4-bin\netbeans\java\modules\ext\jaxws22\policy.jar;C:\Users\julie\Downloads\netbeans-12.4-bin\netbeans\java\modules\ext\jaxws22\saaj-impl.jar;C:\Users\julie\Downloads\netbeans-12.4-bin\netbeans\java\modules\ext\jaxws22\stax-ex.jar;C:\Users\julie\Downloads\netbeans-12.4-bin\netbeans\java\modules\ext\jaxws22\stax2-api.jar;C:\Users\julie\Downloads\netbeans-12.4-bin\netbeans\java\modules\ext\jaxws22\streambuffer.jar;C:\Users\julie\Downloads\netbeans-12.4-bin\netbeans\java\modules\ext\jaxws22\woodstox-core-asl.jar;C:\Users\julie\Downloads\netbeans-12.4-bin\netbeans\java\modules\ext\jaxws22\api\jaxws-api.jar;C:\Users\julie\Downloads\netbeans-12.4-bin\netbeans\java\modules\ext\jaxws22\api\jsr181-api.jar;C:\Users\julie\Downloads\netbeans-12.4-bin\netbeans\java\modules\ext\jaxws22\api\javax.annotation.jar;C:\Users\julie\Downloads\netbeans-12.4-bin\netbeans\java\modules\ext\jaxws22\api\saaj-api.jar;C:\Users\julie\Downloads\netbeans-12.4-bin\netbeans\ide\modules\ext\jaxb\activation.jar;C:\Users\julie\Downloads\netbeans-12.4-bin\netbeans\ide\modules\ext\jaxb\api\jaxb-api.jar" />
    <property name="libs.restapi.classpath" value="C:\Users\julie\Downloads\netbeans-12.4-bin\netbeans\enterprise\modules\ext\jaxrs-2.0\javax.ws.rs-api-2.0.jar" />
    <property name="os.arch" value="amd64" />
    <property name="build.generated.dir" value="build/generated" />
    <property name="libs.groovy-all.javadoc" value="" />
    <property name="libs.jakartaee-api-8.0.classpath" value="C:\Users\julie\Downloads\netbeans-12.4-bin\netbeans\enterprise\modules\ext\jakarta.jakartaee-api-8.0.0.jar" />
    <property name="libs.javaee-web-api-7.0.javadoc" value="C:\Users\julie\Downloads\netbeans-12.4-bin\netbeans\enterprise\docs\javaee-doc-api.jar" />
    <property name="libs.javaee-endorsed-api-6.0.src" value="" />
    <property name="libs.jsf12.maven-pom" value="" />
    <property name="libs.javaee-endorsed-api-7.0.classpath" value="C:\Users\julie\Downloads\netbeans-12.4-bin\netbeans\enterprise\modules\ext\javaee7-endorsed\javax.annotation-api.jar;C:\Users\julie\Downloads\netbeans-12.4-bin\netbeans\enterprise\modules\ext\javaee7-endorsed\javax.xml.soap-api.jar;C:\Users\julie\Downloads\netbeans-12.4-bin\netbeans\enterprise\modules\ext\javaee7-endorsed\jaxb-api-osgi.jar;C:\Users\julie\Downloads\netbeans-12.4-bin\netbeans\enterprise\modules\ext\javaee7-endorsed\jaxws-api.jar;C:\Users\julie\Downloads\netbeans-12.4-bin\netbeans\enterprise\modules\ext\javaee7-endorsed\jsr181-api.jar" />
    <property name="org.netbeans.io.suspend" value="0" />
    <property name="libs.primefaces.maven-pom" value="" />
    <property name="ant.project.name" value="PPE2022_Pharmacie" />
    <property name="dist.javadoc.dir" value="dist/javadoc" />
    <property name="default.javac.target" value="16" />
    <property name="javac.fork" value="true" />
    <property name="libs.eclipselink.classpath" value="C:\Users\julie\Downloads\netbeans-12.4-bin\netbeans\java\modules\ext\eclipselink\org.eclipse.persistence.core-2.7.7.jar;C:\Users\julie\Downloads\netbeans-12.4-bin\netbeans\java\modules\ext\eclipselink\org.eclipse.persistence.asm-2.7.7.jar;C:\Users\julie\Downloads\netbeans-12.4-bin\netbeans\java\modules\ext\eclipselink\org.eclipse.persistence.antlr-2.7.7.jar;C:\Users\julie\Downloads\netbeans-12.4-bin\netbeans\java\modules\ext\eclipselink\org.eclipse.persistence.jpa-2.7.7.jar;C:\Users\julie\Downloads\netbeans-12.4-bin\netbeans\java\modules\ext\eclipselink\org.eclipse.persistence.jpa.jpql-2.7.7.jar;C:\Users\julie\Downloads\netbeans-12.4-bin\netbeans\java\modules\ext\eclipselink\org.eclipse.persistence.moxy-2.7.7.jar;C:\Users\julie\Downloads\netbeans-12.4-bin\netbeans\java\modules\ext\eclipselink\javax.persistence-2.2.1.jar" />
    <property name="file.reference.postgresql-42.2.18.jar" value="C:\Users\sio2021\Downloads\postgresql-42.2.18.jar" />
    <property name="libs.struts.classpath" value="C:\Users\julie\Downloads\netbeans-12.4-bin\netbeans\enterprise\modules\ext\struts\antlr-2.7.2.jar;C:\Users\julie\Downloads\netbeans-12.4-bin\netbeans\enterprise\modules\ext\struts\bsf-2.3.0.jar;C:\Users\julie\Downloads\netbeans-12.4-bin\netbeans\enterprise\modules\ext\struts\commons-beanutils-1.8.0.jar;C:\Users\julie\Downloads\netbeans-12.4-bin\netbeans\enterprise\modules\ext\struts\commons-chain-1.2.jar;C:\Users\julie\Downloads\netbeans-12.4-bin\netbeans\enterprise\modules\ext\struts\commons-digester-1.8.jar;C:\Users\julie\Downloads\netbeans-12.4-bin\netbeans\enterprise\modules\ext\struts\commons-fileupload-1.1.1.jar;C:\Users\julie\Downloads\netbeans-12.4-bin\netbeans\enterprise\modules\ext\struts\commons-io-1.1.jar;C:\Users\julie\Downloads\netbeans-12.4-bin\netbeans\enterprise\modules\ext\struts\commons-logging-1.0.4.jar;C:\Users\julie\Downloads\netbeans-12.4-bin\netbeans\enterprise\modules\ext\struts\commons-validator-1.3.1.jar;C:\Users\julie\Downloads\netbeans-12.4-bin\netbeans\enterprise\modules\ext\struts\jstl-1.0.2.jar;C:\Users\julie\Downloads\netbeans-12.4-bin\netbeans\enterprise\modules\ext\struts\oro-2.0.8.jar;C:\Users\julie\Downloads\netbeans-12.4-bin\netbeans\enterprise\modules\ext\struts\standard-1.0.6.jar;C:\Users\julie\Downloads\netbeans-12.4-bin\netbeans\enterprise\modules\ext\struts\struts-core-1.3.10.jar;C:\Users\julie\Downloads\netbeans-12.4-bin\netbeans\enterprise\modules\ext\struts\struts-el-1.3.10.jar;C:\Users\julie\Downloads\netbeans-12.4-bin\netbeans\enterprise\modules\ext\struts\struts-extras-1.3.10.jar;C:\Users\julie\Downloads\netbeans-12.4-bin\netbeans\enterprise\modules\ext\struts\struts-faces-1.3.10.jar;C:\Users\julie\Downloads\netbeans-12.4-bin\netbeans\enterprise\modules\ext\struts\struts-mailreader-dao-1.3.10.jar;C:\Users\julie\Downloads\netbeans-12.4-bin\netbeans\enterprise\modules\ext\struts\struts-scripting-1.3.10.jar;C:\Users\julie\Downloads\netbeans-12.4-bin\netbeans\enterprise\modules\ext\struts\struts-taglib-1.3.10.jar;C:\Users\julie\Downloads\netbeans-12.4-bin\netbeans\enterprise\modules\ext\struts\struts-tiles-1.3.10.jar" />
    <property name="libs.PostgreSQLDriver.maven-pom" value="" />
    <property name="libs.absolutelayout.src" value="" />
    <property name="testng.mode" value="testng" />
    <property name="annotation.processing.enabled.in.editor" value="false" />
    <property name="java.vm.compressedOopsMode" value="32-bit" />
    <property name="netbeans.productversion" value="Apache NetBeans IDE 12.4" />
    <property name="mkdist.disabled" value="false" />
    <property name="libs.javaee-web-api-6.0.javadoc" value="C:\Users\julie\Downloads\netbeans-12.4-bin\netbeans\enterprise\docs\javaee-doc-api.jar" />
    <property name="libs.javaee-api-7.0.maven-pom" value="" />
    <property name="libs.groovy-all.classpath" value="C:\Users\julie\Downloads\netbeans-12.4-bin\netbeans\groovy\modules\ext\groovy.jar;C:\Users\julie\Downloads\netbeans-12.4-bin\netbeans\groovy\modules\ext\groovy-ant.jar" />
    <property name="libs.absolutelayout.javadoc" value="" />
    <property name="annotation.processing.processor.options" value="" />
    <property name="libs.jaxb.maven-pom" value="" />
    <property name="libs.javaee-api-6.0.maven-pom" value="" />
    <property name="dist.dir" value="dist" />
    <property name="build.dir" value="build" />
    <property name="libs.graaljs.maven-pom" value="" />
    <property name="netbeans.autoupdate.variant" value="" />
    <property name="javadoc.version" value="false" />
    <property name="libs.metro.src" value="" />
    <property name="libs.metro.classpath" value="C:\Users\julie\Downloads\netbeans-12.4-bin\netbeans\ide\modules\ext\jaxb\activation.jar;C:\Users\julie\Downloads\netbeans-12.4-bin\netbeans\enterprise\modules\ext\metro\webservices-api.jar;C:\Users\julie\Downloads\netbeans-12.4-bin\netbeans\enterprise\modules\ext\metro\webservices-extra-api.jar;C:\Users\julie\Downloads\netbeans-12.4-bin\netbeans\enterprise\modules\ext\metro\webservices-extra.jar;C:\Users\julie\Downloads\netbeans-12.4-bin\netbeans\enterprise\modules\ext\metro\webservices-rt.jar;C:\Users\julie\Downloads\netbeans-12.4-bin\netbeans\enterprise\modules\ext\metro\webservices-tools.jar" />
    <property name="libs.CopyLibs.classpath" value="C:\Users\julie\Downloads\netbeans-12.4-bin\netbeans\java\ant\extra\org-netbeans-modules-java-j2seproject-copylibstask.jar" />
    <property name="sun.os.patch.level" value="" />
    <property name="javadoc.html5" value="false" />
    <property name="javac.test.processorpath" value="C:\Users\sio2021\Downloads\postgresql-42.2.18.jar:d:\Users\Admin\Downloads\postgresql-42.2.18.jar:postgresql-42.2.18.jar:C:\Users\julie\Downloads\netbeans-12.4-bin\netbeans\enterprise\modules\ext\jakarta.jakartaee-api-9.0.0.jar:C:\Users\julie\Downloads\netbeans-12.4-bin\netbeans\platform\modules\ext\junit-4.13.1.jar:C:\Users\julie\Downloads\netbeans-12.4-bin\netbeans\platform\modules\ext\hamcrest-core-1.3.jar:build/classes" />
    <property name="libs.javaee-web-api-7.0.maven-pom" value="" />
    <property name="libs.javaee-web-api-8.0.maven-pom" value="" />
    <property name="netbeans.dirs" value="C:\Users\julie\Downloads\netbeans-12.4-bin\netbeans\nb;C:\Users\julie\Downloads\netbeans-12.4-bin\netbeans\ergonomics;C:\Users\julie\Downloads\netbeans-12.4-bin\netbeans\ide;C:\Users\julie\Downloads\netbeans-12.4-bin\netbeans\extide;C:\Users\julie\Downloads\netbeans-12.4-bin\netbeans\java;C:\Users\julie\Downloads\netbeans-12.4-bin\netbeans\apisupport;C:\Users\julie\Downloads\netbeans-12.4-bin\netbeans\webcommon;C:\Users\julie\Downloads\netbeans-12.4-bin\netbeans\websvccommon;C:\Users\julie\Downloads\netbeans-12.4-bin\netbeans\enterprise;C:\Users\julie\Downloads\netbeans-12.4-bin\netbeans\mobility;C:\Users\julie\Downloads\netbeans-12.4-bin\netbeans\profiler;C:\Users\julie\Downloads\netbeans-12.4-bin\netbeans\python;C:\Users\julie\Downloads\netbeans-12.4-bin\netbeans\php;C:\Users\julie\Downloads\netbeans-12.4-bin\netbeans\identity;C:\Users\julie\Downloads\netbeans-12.4-bin\netbeans\harness;C:\Users\julie\Downloads\netbeans-12.4-bin\netbeans\cnd;C:\Users\julie\Downloads\netbeans-12.4-bin\netbeans\cndext;C:\Users\julie\Downloads\netbeans-12.4-bin\netbeans\cpplite;C:\Users\julie\Downloads\netbeans-12.4-bin\netbeans\dlight;C:\Users\julie\Downloads\netbeans-12.4-bin\netbeans\groovy;C:\Users\julie\Downloads\netbeans-12.4-bin\netbeans\extra;C:\Users\julie\Downloads\netbeans-12.4-bin\netbeans\javacard;C:\Users\julie\Downloads\netbeans-12.4-bin\netbeans\javafx" />
    <property name="libs.hamcrest.maven-pom" value="" />
    <property name="javac.processorpath" value="C:\Users\sio2021\Downloads\postgresql-42.2.18.jar:d:\Users\Admin\Downloads\postgresql-42.2.18.jar:postgresql-42.2.18.jar:C:\Users\julie\Downloads\netbeans-12.4-bin\netbeans\enterprise\modules\ext\jakarta.jakartaee-api-9.0.0.jar:C:\Users\julie\Downloads\netbeans-12.4-bin\netbeans\platform\modules\ext\junit-4.13.1.jar:C:\Users\julie\Downloads\netbeans-12.4-bin\netbeans\platform\modules\ext\hamcrest-core-1.3.jar" />
    <property name="libs.javaee-api-6.0.javadoc" value="C:\Users\julie\Downloads\netbeans-12.4-bin\netbeans\enterprise\docs\javaee-doc-api.jar" />
    <property name="libs.JWSAntTasks.maven-pom" value="" />
    <property name="run.modulepath" value="" />
    <property name="do.archive+manifest.available" value="true" />
    <property name="apple.laf.useScreenMenuBar" value="true" />
    <property name="sun.java.launcher" value="SUN_STANDARD" />
    <property name="user.country" value="FR" />
    <property name="libs.jakartaee-api-9.0.maven-pom" value="" />
    <property name="libs.restapi.javadoc" value="" />
    <property name="libs.jpa20-persistence.src" value="" />
    <property name="endorsed.classpath" value="" />
    <property name="javac.test.sourcepath" value="C:\Users\julie\Desktop\AP_hopital\AP_Hopital\mission-java\stock-pharmacie\PPE2022_Pharmacie\build\empty" />
    <property name="libs.spring-webmvc3.0.maven-pom" value="" />
    <property name="includes" value="**" />
    <property name="libs.jsf12.javadoc" value="C:\Users\julie\Downloads\netbeans-12.4-bin\netbeans\enterprise\docs\javaee-doc-api.jar" />
    <property name="libs.hamcrest.classpath" value="C:\Users\julie\Downloads\netbeans-12.4-bin\netbeans\platform\modules\ext\hamcrest-core-1.3.jar" />
    <property name="javadoc.splitindex" value="true" />
    <property name="libs.JWSAntTasks.classpath" value="C:\Users\julie\Downloads\netbeans-12.4-bin\netbeans\java\ant\extra\org-netbeans-modules-javawebstart-anttasks.jar" />
    <property name="junit.available" value="true" />
    <property name="javac.processormodulepath" value="" />
    <property name="javadoc.encoding" value="UTF-8" />
    <property name="netbeans.hash.code" value="unique=028acc5bf-cac5-4cbc-a979-8f7ba1e9c5e8_23bd8bbc-055f-45d6-9c35-97565bfd2377" />
    <property name="libs.jstl.src" value="" />
    <property name="libs.jsp-compilation-syscp.maven-pom" value="" />
    <property name="jlink.strip" value="false" />
    <property name="libs.spring-webmvc3.0.classpath" value="C:\Users\julie\Downloads\netbeans-12.4-bin\netbeans\java\modules\ext\spring-3.0\spring-webmvc-3.2.18.RELEASE.jar" />
    <property name="java.runtime.name" value="Java(TM) SE Runtime Environment" />
    <property name="libs.jaxb.javadoc" value="C:\Users\julie\Downloads\netbeans-12.4-bin\netbeans\ide\docs\jaxb-api-doc.jar" />
    <property name="manifest.available" value="true" />
    <property name="libs.spring-framework500.maven-pom" value="" />
    <property name="run.jvmargs.ide" value="" />
    <property name="ant.core.lib" value="C:\Users\julie\Downloads\netbeans-12.4-bin\netbeans\extide\ant\lib\ant.jar" />
    <property name="libs.jsp-compilation.maven-pom" value="" />
    <property name="javac.profile.cmd.line.arg" value="" />
    <property name="libs.jakartaee-api-9.0.classpath" value="C:\Users\julie\Downloads\netbeans-12.4-bin\netbeans\enterprise\modules\ext\jakarta.jakartaee-api-9.0.0.jar" />
    <property name="ant.file.PPE2022_Pharmacie" value="C:\Users\julie\Desktop\AP_hopital\AP_Hopital\mission-java\stock-pharmacie\PPE2022_Pharmacie\build.xml" />
    <property name="&gt;&gt;&gt;&gt;&gt;&gt;&gt;" value="3a6c9323fd685c1b1ef65ae72d101fe4c41af9f3" />
    <property name="application.title" value="PPE2022_Pharmacie" />
    <property name="do.archive+main.class.available" value="true" />
    <property name="ignore.failing.tests" value="true" />
    <property name="javac.test.modulepath" value="" />
    <property name="libs.PostgreSQLDriver.javadoc" value="" />
    <property name="libs.jsp-compilation-syscp.classpath" value="C:\Users\julie\Downloads\netbeans-12.4-bin\netbeans\extide\ant\lib\ant.jar;C:\Users\julie\Downloads\netbeans-12.4-bin\netbeans\enterprise\modules\ext\servlet3.1-jsp2.3-api.jar;C:\Users\julie\Downloads\netbeans-12.4-bin\netbeans\enterprise\modules\ext\glassfish-jspparser-4.0.jar;C:\Users\julie\Downloads\netbeans-12.4-bin\netbeans\enterprise\modules\ext\jstl-impl.jar;C:\Users\julie\Downloads\netbeans-12.4-bin\netbeans\enterprise\modules\ext\jsf-2_2\javax.faces.jar" />
    <property name="libs.jsp-compilation.classpath" value="C:\Users\julie\Downloads\netbeans-12.4-bin\netbeans\extide\ant\lib\ant.jar;C:\Users\julie\Downloads\netbeans-12.4-bin\netbeans\enterprise\modules\ext\servlet3.1-jsp2.3-api.jar;C:\Users\julie\Downloads\netbeans-12.4-bin\netbeans\enterprise\modules\ext\glassfish-jspparser-4.0.jar;C:\Users\julie\Downloads\netbeans-12.4-bin\netbeans\enterprise\modules\ext\jsf-2_2\javax.faces.jar;C:\Users\julie\Downloads\netbeans-12.4-bin\netbeans\enterprise\modules\ext\jstl-api.jar;C:\Users\julie\Downloads\netbeans-12.4-bin\netbeans\extide\ant\lib\ant-launcher.jar" />
    <property name="libs.javaee-api-6.0.classpath" value="C:\Users\julie\Downloads\netbeans-12.4-bin\netbeans\enterprise\modules\ext\javaee-api-6.0.jar" />
    <property name="javac.includesfile.binary" value="C:\Users\julie\Desktop\AP_hopital\AP_Hopital\mission-java\stock-pharmacie\PPE2022_Pharmacie\null764265535" />
    <property name="libs.javaee-api-7.0.classpath" value="C:\Users\julie\Downloads\netbeans-12.4-bin\netbeans\enterprise\modules\ext\javaee-api-7.0.jar" />
    <property name="sun.cpu.isalist" value="amd64" />
    <property name="libs.restapi.maven-pom" value="" />
    <property name="do.depend" value="false" />
    <property name="javadoc.preview" value="true" />
    <property name="sun.arch.data.model" value="64" />
    <property name="libs.jakartaee-web-api-9.0.maven-pom" value="" />
    <property name="nb.show.statistics.ui" value="usageStatisticsEnabled" />
    <property name="libs.javaee-endorsed-api-7.0.src" value="" />
    <property name="annotation.processing.enabled" value="true" />
    <property name="libs.junit_5.src" value="C:\Users\julie\Downloads\netbeans-12.4-bin\netbeans\platform\docs\junit-jupiter-api-5.6.0-sources.jar;C:\Users\julie\Downloads\netbeans-12.4-bin\netbeans\platform\docs\junit-jupiter-params-5.6.0-sources.jar;C:\Users\julie\Downloads\netbeans-12.4-bin\netbeans\platform\docs\junit-jupiter-engine-5.6.0-sources.jar" />
    <property name="libs.jaxb.classpath" value="C:\Users\julie\Downloads\netbeans-12.4-bin\netbeans\ide\modules\ext\jaxb\jaxb-impl.jar;C:\Users\julie\Downloads\netbeans-12.4-bin\netbeans\ide\modules\ext\jaxb\jaxb-xjc.jar;C:\Users\julie\Downloads\netbeans-12.4-bin\netbeans\ide\modules\ext\jaxb\activation.jar;C:\Users\julie\Downloads\netbeans-12.4-bin\netbeans\ide\modules\ext\jaxb\api\jaxb-api.jar" />
    <property name="libs.javaee-api-8.0.classpath" value="C:\Users\julie\Downloads\netbeans-12.4-bin\netbeans\enterprise\modules\ext\javaee-api-8.0.jar" />
    <property name="libs.CopyLibs.src" value="" />
    <property name="javac.source" value="1.8" />
    <property name="java.specification.vendor" value="Oracle Corporation" />
    <property name="java.version.date" value="2021-07-20" />
    <property name="java.home" value="C:\Program Files\Java\jdk-16.0.2" />
    <property name="work.dir" value="C:\Users\julie\Desktop\AP_hopital\AP_Hopital\mission-java\stock-pharmacie\PPE2022_Pharmacie" />
    <property name="javac.test.compilerargs" value="" />
    <property name="jna.boot.library.name" value="jnidispatch-nb" />
    <property name="libs.PostgreSQLDriver.classpath" value="C:\Users\julie\Downloads\netbeans-12.4-bin\netbeans\ide\modules\ext\postgresql-42.2.16.jar" />
    <property name="libs.graaljs.javadoc" value="" />
    <property name="libs.spring-webmvc3.0.javadoc" value="" />
    <property name="libs.JAXB-ENDORSED.src" value="" />
    <property name="manifest.encoding" value="UTF-8" />
    <property name="user.script" value="" />
    <property name="libs.spring-framework400.src" value="" />
    <property name="sun.management.compiler" value="HotSpot 64-Bit Tiered Compilers" />
    <property name="run.test.modulepath" value="" />
    <property name="libs.javaee-web-api-6.0.classpath" value="C:\Users\julie\Downloads\netbeans-12.4-bin\netbeans\enterprise\modules\ext\javaee-web-api-6.0.jar" />
    <property name="libs.graaljs.classpath" value="C:\Users\julie\Downloads\netbeans-12.4-bin\netbeans\webcommon\modules\ext\js-20.2.0.jar;C:\Users\julie\Downloads\netbeans-12.4-bin\netbeans\webcommon\modules\ext\js-launcher-20.2.0.jar;C:\Users\julie\Downloads\netbeans-12.4-bin\netbeans\webcommon\modules\ext\regex-20.2.0.jar;C:\Users\julie\Downloads\netbeans-12.4-bin\netbeans\webcommon\modules\ext\icu4j-67.1.jar;C:\Users\julie\Downloads\netbeans-12.4-bin\netbeans\ide\modules\ext\graal-sdk-20.2.0.jar;C:\Users\julie\Downloads\netbeans-12.4-bin\netbeans\ide\modules\ext\launcher-common-20.2.0.jar;C:\Users\julie\Downloads\netbeans-12.4-bin\netbeans\ide\modules\ext\truffle-api-20.2.0.jar" />
    <property name="libs.jsp-compiler.javadoc" value="" />
    <property name="debug.test.modulepath" value="" />
    <property name="libs.javaee-web-api-7.0.classpath" value="C:\Users\julie\Downloads\netbeans-12.4-bin\netbeans\enterprise\modules\ext\javaee-web-api-7.0.jar" />
    <property name="file.encoding" value="Cp1252" />
    <property name="java.util.logging.config.class" value="org.netbeans.core.startup.TopLogging" />
    <property name="https.nonProxyHosts" value="localhost|127.0.0.1|DESKTOP-K459FBH" />
    <property name="libs.restlib.javadoc" value="" />
    <property name="libs.absolutelayout.classpath" value="C:\Users\julie\Downloads\netbeans-12.4-bin\netbeans\java\modules\ext\AbsoluteLayout.jar" />
    <property name="do.archive" value="true" />
    <property name="libs.struts.maven-pom" value="" />
    <property name="built-jar.properties" value="C:\Users\julie\Desktop\AP_hopital\AP_Hopital\mission-java\stock-pharmacie\PPE2022_Pharmacie\build\built-jar.properties" />
    <property name="nb.native.filechooser" value="false" />
    <property name="libs.testng.src" value="" />
    <property name="platform.active" value="default_platform" />
    <property name="libs.javaee-web-api-8.0.classpath" value="C:\Users\julie\Downloads\netbeans-12.4-bin\netbeans\enterprise\modules\ext\javaee-web-api-8.0.jar" />
    <property name="manifest.file" value="manifest.mf" />
    <property name="sun.io.unicode.encoding" value="UnicodeLittle" />
    <property name="libs.struts.javadoc" value="C:\Users\julie\Downloads\netbeans-12.4-bin\netbeans\enterprise\docs\struts-1.3.10-javadoc.zip" />
    <property name="&lt;&lt;&lt;&lt;&lt;&lt;&lt;" value="HEAD" />
    <property name="default.javac.source" value="16" />
    <property name="netbeans.dynamic.classpath" value="C:\Users\julie\Downloads\netbeans-12.4-bin\netbeans\platform\core\asm-8.0.1.jar;C:\Users\julie\Downloads\netbeans-12.4-bin\netbeans\platform\core\asm-commons-8.0.1.jar;C:\Users\julie\Downloads\netbeans-12.4-bin\netbeans\platform\core\asm-tree-8.0.1.jar;C:\Users\julie\Downloads\netbeans-12.4-bin\netbeans\platform\core\core-base.jar;C:\Users\julie\Downloads\netbeans-12.4-bin\netbeans\platform\core\core.jar;C:\Users\julie\Downloads\netbeans-12.4-bin\netbeans\platform\core\org-netbeans-libs-asm.jar;C:\Users\julie\Downloads\netbeans-12.4-bin\netbeans\platform\core\org-openide-filesystems-compat8.jar;C:\Users\julie\Downloads\netbeans-12.4-bin\netbeans\platform\core\org-openide-filesystems.jar;C:\Users\julie\Downloads\netbeans-12.4-bin\netbeans\nb\core\org-netbeans-upgrader.jar;C:\Users\julie\Downloads\netbeans-12.4-bin\netbeans\nb\core\locale\core_nb.jar" />
    <property name="libs.javaee-web-api-8.0.javadoc" value="C:\Users\julie\Downloads\netbeans-12.4-bin\netbeans\enterprise\docs\javaee-doc-api.jar" />
    <property name="libs.eclipselinkmodelgen.classpath" value="C:\Users\julie\Downloads\netbeans-12.4-bin\netbeans\java\modules\ext\eclipselink\org.eclipse.persistence.jpa.modelgen.processor-2.7.7.jar" />
    <property name="netbeans.buildnumber" value="12.4-21726744165c946ba6619bff89e98d5863f26e22" />
    <property name="php.global.include.path" value="" />
    <property name="endorsed.classpath.cmd.line.arg" value="" />
    <property name="libs.jpa20-persistence.maven-pom" value="" />
    <property name="build.sysclasspath" value="ignore" />
    <property name="os.name" value="Windows 10" />
    <property name="libs.CopyLibs.maven-pom" value="" />
    <property name="libs.jakartaee-api-8.0.maven-pom" value="" />
    <property name="jdkBug6558476" value="false" />
    <property name="javadoc.author" value="false" />
    <property name="http.nonProxyHosts" value="localhost|127.0.0.1|DESKTOP-K459FBH" />
    <property name="main.class" value="ppe2022_pharmacie.IHM.Authentification" />
    <property name="libs.jsp-compilation-syscp.javadoc" value="" />
    <property name="source.encoding" value="UTF-8" />
    <property name="jar.compress" value="false" />
    <property name="libs.javaee-api-7.0.javadoc" value="C:\Users\julie\Downloads\netbeans-12.4-bin\netbeans\enterprise\docs\javaee-doc-api.jar" />
    <property name="libs.spring-webmvc5.0.src" value="" />
    <property name="libs.jsf20.maven-pom" value="" />
    <property name="libs.restlib.classpath" value="C:\Users\julie\Downloads\netbeans-12.4-bin\netbeans\enterprise\modules\ext\jersey2\ext\asm-all-repackaged-2.2.0-b21.jar;C:\Users\julie\Downloads\netbeans-12.4-bin\netbeans\enterprise\modules\ext\jersey2\ext\cglib-2.2.0-b21.jar;C:\Users\julie\Downloads\netbeans-12.4-bin\netbeans\enterprise\modules\ext\jersey2\ext\guava-14.0.1.jar;C:\Users\julie\Downloads\netbeans-12.4-bin\netbeans\enterprise\modules\ext\jersey2\ext\hk2-api-2.2.0-b21.jar;C:\Users\julie\Downloads\netbeans-12.4-bin\netbeans\enterprise\modules\ext\jersey2\ext\hk2-locator-2.2.0-b21.jar;C:\Users\julie\Downloads\netbeans-12.4-bin\netbeans\enterprise\modules\ext\jersey2\ext\hk2-utils-2.2.0-b21.jar;C:\Users\julie\Downloads\netbeans-12.4-bin\netbeans\enterprise\modules\ext\jersey2\ext\javax.annotation-api-1.2.jar;C:\Users\julie\Downloads\netbeans-12.4-bin\netbeans\enterprise\modules\ext\jersey2\ext\javax.inject-2.2.0-b21.jar;C:\Users\julie\Downloads\netbeans-12.4-bin\netbeans\enterprise\modules\ext\jersey2\ext\javax.servlet-api-3.0.1.jar;C:\Users\julie\Downloads\netbeans-12.4-bin\netbeans\enterprise\modules\ext\jersey2\ext\jaxb-api-2.2.7.jar;C:\Users\julie\Downloads\netbeans-12.4-bin\netbeans\enterprise\modules\ext\jersey2\ext\jersey-entity-filtering-2.5.1.jar;C:\Users\julie\Downloads\netbeans-12.4-bin\netbeans\enterprise\modules\ext\jersey2\ext\jersey-media-moxy-2.5.1.jar;C:\Users\julie\Downloads\netbeans-12.4-bin\netbeans\enterprise\modules\ext\jersey2\ext\org.osgi.core-4.2.0.jar;C:\Users\julie\Downloads\netbeans-12.4-bin\netbeans\enterprise\modules\ext\jersey2\ext\osgi-resource-locator-1.0.1.jar;C:\Users\julie\Downloads\netbeans-12.4-bin\netbeans\enterprise\modules\ext\jersey2\ext\persistence-api-1.0.jar;C:\Users\julie\Downloads\netbeans-12.4-bin\netbeans\enterprise\modules\ext\jersey2\ext\validation-api-1.1.0.Final.jar;C:\Users\julie\Downloads\netbeans-12.4-bin\netbeans\enterprise\modules\ext\jersey2\jersey-client.jar;C:\Users\julie\Downloads\netbeans-12.4-bin\netbeans\enterprise\modules\ext\jersey2\jersey-common.jar;C:\Users\julie\Downloads\netbeans-12.4-bin\netbeans\enterprise\modules\ext\jersey2\jersey-container-servlet.jar;C:\Users\julie\Downloads\netbeans-12.4-bin\netbeans\enterprise\modules\ext\jersey2\jersey-container-servlet-core.jar;C:\Users\julie\Downloads\netbeans-12.4-bin\netbeans\enterprise\modules\ext\jersey2\jersey-server.jar;C:\Users\julie\Downloads\netbeans-12.4-bin\netbeans\java\modules\ext\eclipselink\org.eclipse.persistence.core-2.7.7.jar;C:\Users\julie\Downloads\netbeans-12.4-bin\netbeans\java\modules\ext\eclipselink\org.eclipse.persistence.asm-2.7.7.jar;C:\Users\julie\Downloads\netbeans-12.4-bin\netbeans\java\modules\ext\eclipselink\org.eclipse.persistence.antlr-2.7.7.jar;C:\Users\julie\Downloads\netbeans-12.4-bin\netbeans\java\modules\ext\eclipselink\org.eclipse.persistence.jpa-2.7.7.jar;C:\Users\julie\Downloads\netbeans-12.4-bin\netbeans\java\modules\ext\eclipselink\org.eclipse.persistence.jpa.jpql-2.7.7.jar;C:\Users\julie\Downloads\netbeans-12.4-bin\netbeans\java\modules\ext\eclipselink\org.eclipse.persistence.moxy-2.7.7.jar" />
    <property name="libs.jakartaee-web-api-8.0.javadoc" value="C:\Users\julie\Downloads\netbeans-12.4-bin\netbeans\enterprise\docs\jakartaee8-doc-api.jar" />
    <property name="apple.awt.graphics.UseQuartz" value="true" />
    <property name="libs.graaljs.src" value="" />
    <property name="run.jvmargs" value="" />
    <property name="libs.primefaces.src" value="" />
    <property name="ant.file" value="C:\Users\julie\Desktop\AP_hopital\AP_Hopital\mission-java\stock-pharmacie\PPE2022_Pharmacie\build.xml" />
    <property name="libs.struts.src" value="" />
    <property name="path.separator" value=";" />
    <property name="libs.JAXB-ENDORSED.classpath" value="C:\Users\julie\Downloads\netbeans-12.4-bin\netbeans\ide\modules\ext\jaxb\api\jaxb-api.jar" />
    <property name="libs.restlib.src" value="" />
    <property name="build.test.results.dir" value="build/test/results" />
    <property name="libs.jaxws21.javadoc" value="C:\Users\julie\Downloads\netbeans-12.4-bin\netbeans\java\docs\jaxws-api-doc.zip" />
    <property name="libs.javaee-endorsed-api-6.0.javadoc" value="C:\Users\julie\Downloads\netbeans-12.4-bin\netbeans\enterprise\docs\javaee-doc-api.jar" />
    <property name="libs.spring-framework400.maven-pom" value="" />
    <property name="ap.processors.internal" value="" />
    <property name="libs.jsf12.classpath" value="C:\Users\julie\Downloads\netbeans-12.4-bin\netbeans\enterprise\modules\ext\jsf-1_2\jsf-api.jar;C:\Users\julie\Downloads\netbeans-12.4-bin\netbeans\enterprise\modules\ext\jsf-1_2\jsf-impl.jar" />
    <property name="libs.spring-webmvc5.0.javadoc" value="" />
    <property name="libs.hamcrest.javadoc" value="" />
    <property name="libs.spring-framework400.javadoc" value="" />
    <property name="do.jar" value="true" />
    <property name="java.vm.info" value="mixed mode, sharing" />
    <property name="libs.primefaces.classpath" value="C:\Users\julie\Downloads\netbeans-12.4-bin\netbeans\enterprise\modules\ext\primefaces\primefaces-5.0.jar" />
    <property name="libs.jaxws21.maven-pom" value="" />
    <property name="run.test.classpath" value="C:\Users\sio2021\Downloads\postgresql-42.2.18.jar:d:\Users\Admin\Downloads\postgresql-42.2.18.jar:postgresql-42.2.18.jar:C:\Users\julie\Downloads\netbeans-12.4-bin\netbeans\enterprise\modules\ext\jakarta.jakartaee-api-9.0.0.jar:C:\Users\julie\Downloads\netbeans-12.4-bin\netbeans\platform\modules\ext\junit-4.13.1.jar:C:\Users\julie\Downloads\netbeans-12.4-bin\netbeans\platform\modules\ext\hamcrest-core-1.3.jar:build/classes:build/test/classes" />
    <property name="dist.jlink.output" value="dist/jlink/PPE2022_Pharmacie" />
    <property name="java.class.version" value="60.0" />
    <property name="javadoc.encoding.used" value="UTF-8" />
    <property name="src.dir" value="src" />
    <property name="debug.classpath" value="C:\Users\sio2021\Downloads\postgresql-42.2.18.jar:d:\Users\Admin\Downloads\postgresql-42.2.18.jar:postgresql-42.2.18.jar:C:\Users\julie\Downloads\netbeans-12.4-bin\netbeans\enterprise\modules\ext\jakarta.jakartaee-api-9.0.0.jar:C:\Users\julie\Downloads\netbeans-12.4-bin\netbeans\platform\modules\ext\junit-4.13.1.jar:C:\Users\julie\Downloads\netbeans-12.4-bin\netbeans\platform\modules\ext\hamcrest-core-1.3.jar:build/classes" />
    <property name="ant.project.default-target" value="default" />
    <property name="excludes" value="" />
    <property name="libs.javaee-api-7.0.src" value="" />
    <property name="sun.jnu.encoding" value="Cp1252" />
    <property name="run.test.jvmargs" value="" />
    <property name="libs.junit_4.javadoc" value="C:\Users\julie\Downloads\netbeans-12.4-bin\netbeans\platform\docs\junit-4.13.1-javadoc.jar" />
    <property name="libs.spring-webmvc4.0.src" value="" />
    <property name="sun.java2d.dpiaware" value="true" />
    <property name="main.class.available" value="true" />
    <property name="libs.jsf20.javadoc" value="C:\Users\julie\Downloads\netbeans-12.4-bin\netbeans\enterprise\docs\javaee-doc-api.jar" />
    <property name="netbeans.importclass" value="org.netbeans.upgrade.AutoUpgrade" />
    <property name="netbeans.autoupdate.version" value="1.23" />
    <property name="empty.dir" value="C:\Users\julie\Desktop\AP_hopital\AP_Hopital\mission-java\stock-pharmacie\PPE2022_Pharmacie\build\empty" />
    <property name="netbeans.user" value="C:\Users\julie\AppData\Roaming\NetBeans\12.4" />
    <property name="javac.includes.binary" value="C:\Users\julie\Desktop\AP_hopital\AP_Hopital\mission-java\stock-pharmacie\PPE2022_Pharmacie\build\test\classes\ppe2022_pharmacie\pkgDAO\ServiceDAOTest.class" />
    <property name="file.separator" value="\" />
    <property name="line.separator" value="&#xd;&#xa;" />
    <property name="javadoc.additionalparam" value="" />
    <property name="libs.spring-webmvc5.0.classpath" value="C:\Users\julie\Downloads\netbeans-12.4-bin\netbeans\java\modules\ext\spring-5\spring-webmvc-5.2.9.RELEASE.jar" />
    <property name="libs.restlib.maven-pom" value="" />
    <property name="javac.debug" value="true" />
    <property name="libs.testng.classpath" value="C:\Users\julie\Downloads\netbeans-12.4-bin\netbeans\platform\modules\ext\testng-6.14.3.jar;C:\Users\julie\Downloads\netbeans-12.4-bin\netbeans\platform\modules\ext\jcommander-1.78.jar" />
    <property name="libs.jsp-compiler.src" value="" />
    <property name="user.name" value="julie" />
    <property name="build.classes.dir" value="build/classes" />
    <property name="javadoc.windowtitle" value="" />
    <property name="nb.junit.single" value="false" />
    <property name="nb.internal.action.name" value="test.single" />
    <property name="libs.javaee-api-8.0.maven-pom" value="" />
    <property name="libs.jaxws21.src" value="" />
    <property name="libs.jakartaee-web-api-9.0.javadoc" value="C:\Users\julie\Downloads\netbeans-12.4-bin\netbeans\enterprise\docs\jakartaee9-doc-api.jar" />
    <property name="jna.loaded" value="true" />
    <property name="libs.junit_5.maven-pom" value="" />
    <property name="libs.jpa20-persistence.javadoc" value="C:\Users\julie\Downloads\netbeans-12.4-bin\netbeans\java\modules\ext\docs\javax.persistence-2.2.1-doc.zip" />
    <property name="ant.junit.enabletestlistenerevents" value="true" />
    <property name="libs.JWSAntTasks.src" value="" />
    <property name="ant.home" value="C:\Users\julie\Downloads\netbeans-12.4-bin\netbeans\extide\ant" />
    <property name="libs.spring-webmvc3.0.src" value="" />
    <property name="debug.test.classpath" value="C:\Users\sio2021\Downloads\postgresql-42.2.18.jar:d:\Users\Admin\Downloads\postgresql-42.2.18.jar:postgresql-42.2.18.jar:C:\Users\julie\Downloads\netbeans-12.4-bin\netbeans\enterprise\modules\ext\jakarta.jakartaee-api-9.0.0.jar:C:\Users\julie\Downloads\netbeans-12.4-bin\netbeans\platform\modules\ext\junit-4.13.1.jar:C:\Users\julie\Downloads\netbeans-12.4-bin\netbeans\platform\modules\ext\hamcrest-core-1.3.jar:build/classes:build/test/classes" />
    <property name="have.tests" value="true" />
    <property name="javac.external.vm" value="true" />
    <property name="testng.debug.mode" value="" />
    <property name="javac.target" value="1.8" />
    <property name="ant.version" value="Apache Ant(TM) version 1.10.8 compiled on May 10 2020" />
    <property name="libs.absolutelayout.maven-pom" value="" />
    <property name="jdk.gtk.version" value="2.2" />
    <property name="java.failonerror" value="true" />
    <property name="javac.modulepath" value="" />
    <property name="libs.spring-framework500.src" value="" />
    <property name="libs.javaee-api-6.0.src" value="" />
    <property name="user.properties.file" value="C:\Users\julie\AppData\Roaming\NetBeans\12.4\build.properties" />
    <property name="javac.includes" value="ppe2022_pharmacie/pkgDAO/ServiceDAOTest.java" />
    <property name="netbeans.autoupdate.country" value="FR" />
    <property name="java.class.path" value="C:\Users\julie\Desktop\AP_hopital\AP_Hopital\mission-java\stock-pharmacie\PPE2022_Pharmacie\postgresql-42.2.18.jar;C:\Users\julie\Downloads\netbeans-12.4-bin\netbeans\enterprise\modules\ext\jakarta.jakartaee-api-9.0.0.jar;C:\Users\julie\Downloads\netbeans-12.4-bin\netbeans\platform\modules\ext\junit-4.13.1.jar;C:\Users\julie\Downloads\netbeans-12.4-bin\netbeans\platform\modules\ext\hamcrest-core-1.3.jar;C:\Users\julie\Desktop\AP_hopital\AP_Hopital\mission-java\stock-pharmacie\PPE2022_Pharmacie\build\classes;C:\Users\julie\Desktop\AP_hopital\AP_Hopital\mission-java\stock-pharmacie\PPE2022_Pharmacie\build\test\classes;C:\Users\julie\Downloads\netbeans-12.4-bin\netbeans\extide\ant\lib\ant-launcher.jar;C:\Users\julie\Downloads\netbeans-12.4-bin\netbeans\extide\ant\lib\ant.jar;C:\Users\julie\Downloads\netbeans-12.4-bin\netbeans\extide\ant\lib\ant-junit.jar;C:\Users\julie\Downloads\netbeans-12.4-bin\netbeans\extide\ant\lib\ant-junit4.jar" />
    <property name="libs.javaee-web-api-6.0.maven-pom" value="" />
    <property name="java.vm.vendor" value="Oracle Corporation" />
    <property name="ap.supported.internal" value="true" />
    <property name="user.variant" value="" />
    <property name="netbeans.home+have.tests" value="true" />
    <property name="test.binaryexcludes" value="" />
    <property name="javac.compilerargs" value="" />
    <property name="libs.jstl.maven-pom" value="" />
    <property name="libs.jakartaee-web-api-8.0.src" value="" />
    <property name="sun.cpu.endian" value="little" />
    <property name="libs.jakartaee-api-9.0.src" value="" />
    <property name="libs.junit_4.src" value="C:\Users\julie\Downloads\netbeans-12.4-bin\netbeans\platform\docs\junit-4.13.1-sources.jar" />
    <property name="ant.file.type.PPE2022_Pharmacie-impl" value="file" />
    <property name="user.language" value="fr" />
    <property name="copylibs.rebase" value="true" />
    <property name="libs.javaee-web-api-6.0.src" value="" />
    <property name="maven.defaultProjectBuilder.disableGlobalModelCache" value="true" />
    <property name="javadoc.nonavbar" value="false" />
    <property name="libs.javaee-api-8.0.src" value="" />
    <property name="ant.java.version" value="16" />
    <property name="libs.junit_4.classpath" value="C:\Users\julie\Downloads\netbeans-12.4-bin\netbeans\platform\modules\ext\junit-4.13.1.jar" />
    <property name="libs.jakartaee-api-9.0.javadoc" value="C:\Users\julie\Downloads\netbeans-12.4-bin\netbeans\enterprise\docs\jakartaee9-doc-api.jar" />
    <property name="jlink.launcher.name" value="PPE2022_Pharmacie" />
    <property name="test.binarytestincludes" value="" />
    <property name="sun.awt.keepWorkingSetOnMinimize" value="true" />
    <property name="libs.junit_4.maven-pom" value="" />
    <property name="libs.spring-webmvc5.0.maven-pom" value="" />
    <property name="runtime.encoding" value="UTF-8" />
    <property name="libs.jsp-compiler.maven-pom" value="" />
    <property name="jlink.additionalmodules" value="" />
    <property name="javac.classpath" value="C:\Users\sio2021\Downloads\postgresql-42.2.18.jar:d:\Users\Admin\Downloads\postgresql-42.2.18.jar:postgresql-42.2.18.jar:C:\Users\julie\Downloads\netbeans-12.4-bin\netbeans\enterprise\modules\ext\jakarta.jakartaee-api-9.0.0.jar:C:\Users\julie\Downloads\netbeans-12.4-bin\netbeans\platform\modules\ext\junit-4.13.1.jar:C:\Users\julie\Downloads\netbeans-12.4-bin\netbeans\platform\modules\ext\hamcrest-core-1.3.jar" />
    <property name="libs.jakartaee-web-api-8.0.classpath" value="C:\Users\julie\Downloads\netbeans-12.4-bin\netbeans\enterprise\modules\ext\jakarta.jakartaee-web-api-8.0.0.jar" />
    <property name="file.reference.postgresql-42.2.18.jar-2" value="postgresql-42.2.18.jar" />
    <property name="dist.jlink.dir" value="dist/jlink" />
    <property name="file.reference.postgresql-42.2.18.jar-1" value="d:\Users\Admin\Downloads\postgresql-42.2.18.jar" />
    <property name="nb.junit.batch" value="true" />
    <property name="build.test.classes.dir" value="build/test/classes" />
    <property name="libs.spring-framework300.maven-pom" value="" />
    <property name="ant.project.invoked-targets" value="test-single" />
    <property name="libs.jstl.classpath" value="C:\Users\julie\Downloads\netbeans-12.4-bin\netbeans\enterprise\modules\ext\jstl-impl.jar;C:\Users\julie\Downloads\netbeans-12.4-bin\netbeans\enterprise\modules\ext\jstl-api.jar" />
    <property name="ap.cmd.line.internal" value="" />
    <property name="libs.PostgreSQLDriver.src" value="" />
    <property name="java.vendor.url.bug" value="https://bugreport.java.com/bugreport/" />
    <property name="annotation.processing.source.output" value="build/generated-sources/ap-source-output" />
    <property name="user.dir" value="C:\Users\julie\Desktop\AP_hopital\AP_Hopital\mission-java\stock-pharmacie\PPE2022_Pharmacie" />
    <property name="libs.javaee-endorsed-api-6.0.maven-pom" value="" />
    <property name="platform.java" value="C:\Program Files\Java\jdk-16.0.2/bin/java" />
    <property name="application.args" value="" />
    <property name="ant.file.PPE2022_Pharmacie-impl" value="C:\Users\julie\Desktop\AP_hopital\AP_Hopital\mission-java\stock-pharmacie\PPE2022_Pharmacie\nbproject\build-impl.xml" />
    <property name="org.xml.sax.driver" value="com.sun.org.apache.xerces.internal.jaxp.SAXParserImpl$JAXPSAXParser" />
    <property name="libs.jakartaee-web-api-8.0.maven-pom" value="" />
    <property name="libs.eclipselink.src" value="" />
    <property name="java.vm.version" value="16.0.2+7-67" />
    <property name="libs.metro.javadoc" value="C:\Users\julie\Downloads\netbeans-12.4-bin\netbeans\enterprise\docs\webservices-api-javadoc.jar;C:\Users\julie\Downloads\netbeans-12.4-bin\netbeans\enterprise\docs\webservices-extra-javadoc.jar;C:\Users\julie\Downloads\netbeans-12.4-bin\netbeans\enterprise\docs\webservices-extra-api-javadoc.jar;C:\Users\julie\Downloads\netbeans-12.4-bin\netbeans\enterprise\docs\webservices-rt-javadoc.jar;C:\Users\julie\Downloads\netbeans-12.4-bin\netbeans\enterprise\docs\webservices-tools-javadoc.jar" />
    <property name="libs.jakartaee-web-api-9.0.src" value="" />
    <property name="test.class" value="ppe2022_pharmacie.pkgDAO.ServiceDAOTest" />
    <property name="sun.awt.datatransfer.timeout" value="1000" />
    <property name="libs.javaee-web-api-7.0.src" value="" />
    <property name="annotation.processing.run.all.processors" value="true" />
    <property name="libs.jsp-compiler.classpath" value="C:\Users\julie\Downloads\netbeans-12.4-bin\netbeans\enterprise\ant\extra\jspcompile.jar" />
    <property name="libs.jakartaee-api-8.0.src" value="" />
    <property name="junit.forkmode" value="perTest" />
    <property name="libs.javaee-endorsed-api-6.0.classpath" value="C:\Users\julie\Downloads\netbeans-12.4-bin\netbeans\enterprise\modules\ext\javaee6-endorsed\javax.annotation.jar;C:\Users\julie\Downloads\netbeans-12.4-bin\netbeans\enterprise\modules\ext\javaee6-endorsed\jaxb-api-osgi.jar;C:\Users\julie\Downloads\netbeans-12.4-bin\netbeans\enterprise\modules\ext\javaee6-endorsed\webservices-api-osgi.jar" />
  </properties>
  <testcase classname="ppe2022_pharmacie.pkgDAO.ServiceDAOTest" name="testFindAll" time="0.417" />
  <testcase classname="ppe2022_pharmacie.pkgDAO.ServiceDAOTest" name="testFind" time="0.001" />
  <testcase classname="ppe2022_pharmacie.pkgDAO.ServiceDAOTest" name="testCreate" time="0.004">
    <error message="Not supported" type="java.lang.UnsupportedOperationException">java.lang.UnsupportedOperationException: Not supported
	at ppe2022_pharmacie.pkgDAO.ServiceDAO.create(ServiceDAO.java:28)
	at ppe2022_pharmacie.pkgDAO.ServiceDAOTest.testCreate(ServiceDAOTest.java:52)
	at java.base/jdk.internal.reflect.NativeMethodAccessorImpl.invoke0(Native Method)
	at java.base/jdk.internal.reflect.NativeMethodAccessorImpl.invoke(NativeMethodAccessorImpl.java:78)
	at java.base/jdk.internal.reflect.DelegatingMethodAccessorImpl.invoke(DelegatingMethodAccessorImpl.java:43)
</error>
  </testcase>
  <testcase classname="ppe2022_pharmacie.pkgDAO.ServiceDAOTest" name="testDelete" time="0.0">
    <error message="Not supported" type="java.lang.UnsupportedOperationException">java.lang.UnsupportedOperationException: Not supported
	at ppe2022_pharmacie.pkgDAO.ServiceDAO.delete(ServiceDAO.java:71)
	at ppe2022_pharmacie.pkgDAO.ServiceDAOTest.testDelete(ServiceDAOTest.java:98)
	at java.base/jdk.internal.reflect.NativeMethodAccessorImpl.invoke0(Native Method)
	at java.base/jdk.internal.reflect.NativeMethodAccessorImpl.invoke(NativeMethodAccessorImpl.java:78)
	at java.base/jdk.internal.reflect.DelegatingMethodAccessorImpl.invoke(DelegatingMethodAccessorImpl.java:43)
</error>
  </testcase>
  <testcase classname="ppe2022_pharmacie.pkgDAO.ServiceDAOTest" name="testUpdate" time="0.001">
    <error message="Not supported" type="java.lang.UnsupportedOperationException">java.lang.UnsupportedOperationException: Not supported
	at ppe2022_pharmacie.pkgDAO.ServiceDAO.update(ServiceDAO.java:62)
	at ppe2022_pharmacie.pkgDAO.ServiceDAOTest.testUpdate(ServiceDAOTest.java:83)
	at java.base/jdk.internal.reflect.NativeMethodAccessorImpl.invoke0(Native Method)
	at java.base/jdk.internal.reflect.NativeMethodAccessorImpl.invoke(NativeMethodAccessorImpl.java:78)
	at java.base/jdk.internal.reflect.DelegatingMethodAccessorImpl.invoke(DelegatingMethodAccessorImpl.java:43)
</error>
  </testcase>
  <testcase classname="ppe2022_pharmacie.pkgDAO.ServiceDAOTest" name="testGetIdService" time="0.001" />
  <system-out><![CDATA[findAll
Connexion effective !
find
create
delete
update
getIdService
]]></system-out>
  <system-err><![CDATA[]]></system-err>
</testsuite>
